<?xml version="1.0" encoding="UTF-8"?>
<testng-results ignored="0" total="1" passed="1" failed="0" skipped="0">
  <reporter-output>
  </reporter-output>
  <suite started-at="2024-07-01T10:43:16 IST" name="Default suite" finished-at="2024-07-01T10:43:17 IST" duration-ms="1025">
    <groups>
    </groups>
    <test started-at="2024-07-01T10:43:16 IST" name="Default test" finished-at="2024-07-01T10:43:17 IST" duration-ms="1025">
      <class name="restPrograms.TestResponse">
        <test-method signature="GetBookDetails()[pri:0, instance:restPrograms.TestResponse@25bfcafd]" started-at="2024-07-01T10:43:16 IST" name="GetBookDetails" finished-at="2024-07-01T10:43:17 IST" duration-ms="998" status="PASS">
          <reporter-output>
          </reporter-output>
        </test-method> <!-- GetBookDetails -->
      </class> <!-- restPrograms.TestResponse -->
    </test> <!-- Default test -->
  </suite> <!-- Default suite -->
</testng-results>
